/home/kim/ros2_ws/install/activities2/lib/python3.10/site-packages/activities2/number_counter.py
/home/kim/ros2_ws/install/activities2/lib/python3.10/site-packages/activities2/counter_reseter.py
/home/kim/ros2_ws/install/activities2/lib/python3.10/site-packages/activities2/__init__.py
/home/kim/ros2_ws/install/activities2/lib/python3.10/site-packages/activities2/number_publisher.py
/home/kim/ros2_ws/install/activities2/lib/python3.10/site-packages/activities2/__pycache__/number_counter.cpython-310.pyc
/home/kim/ros2_ws/install/activities2/lib/python3.10/site-packages/activities2/__pycache__/counter_reseter.cpython-310.pyc
/home/kim/ros2_ws/install/activities2/lib/python3.10/site-packages/activities2/__pycache__/__init__.cpython-310.pyc
/home/kim/ros2_ws/install/activities2/lib/python3.10/site-packages/activities2/__pycache__/number_publisher.cpython-310.pyc
/home/kim/ros2_ws/install/activities2/share/ament_index/resource_index/packages/activities2
/home/kim/ros2_ws/install/activities2/share/activities2/package.xml
/home/kim/ros2_ws/install/activities2/lib/python3.10/site-packages/activities2-0.0.0-py3.10.egg-info/SOURCES.txt
/home/kim/ros2_ws/install/activities2/lib/python3.10/site-packages/activities2-0.0.0-py3.10.egg-info/PKG-INFO
/home/kim/ros2_ws/install/activities2/lib/python3.10/site-packages/activities2-0.0.0-py3.10.egg-info/entry_points.txt
/home/kim/ros2_ws/install/activities2/lib/python3.10/site-packages/activities2-0.0.0-py3.10.egg-info/zip-safe
/home/kim/ros2_ws/install/activities2/lib/python3.10/site-packages/activities2-0.0.0-py3.10.egg-info/requires.txt
/home/kim/ros2_ws/install/activities2/lib/python3.10/site-packages/activities2-0.0.0-py3.10.egg-info/top_level.txt
/home/kim/ros2_ws/install/activities2/lib/python3.10/site-packages/activities2-0.0.0-py3.10.egg-info/dependency_links.txt
/home/kim/ros2_ws/install/activities2/lib/activities2/counter_reseter
/home/kim/ros2_ws/install/activities2/lib/activities2/number_counter
/home/kim/ros2_ws/install/activities2/lib/activities2/number_publisher
