running egg_info
creating ../../build/activities2/activities2.egg-info
writing ../../build/activities2/activities2.egg-info/PKG-INFO
writing dependency_links to ../../build/activities2/activities2.egg-info/dependency_links.txt
writing entry points to ../../build/activities2/activities2.egg-info/entry_points.txt
writing requirements to ../../build/activities2/activities2.egg-info/requires.txt
writing top-level names to ../../build/activities2/activities2.egg-info/top_level.txt
writing manifest file '../../build/activities2/activities2.egg-info/SOURCES.txt'
reading manifest file '../../build/activities2/activities2.egg-info/SOURCES.txt'
writing manifest file '../../build/activities2/activities2.egg-info/SOURCES.txt'
running build
running build_py
creating /home/kim/ros2_ws/build/activities2/build
creating /home/kim/ros2_ws/build/activities2/build/lib
creating /home/kim/ros2_ws/build/activities2/build/lib/activities2
copying activities2/number_counter.py -> /home/kim/ros2_ws/build/activities2/build/lib/activities2
copying activities2/counter_reseter.py -> /home/kim/ros2_ws/build/activities2/build/lib/activities2
copying activities2/__init__.py -> /home/kim/ros2_ws/build/activities2/build/lib/activities2
copying activities2/number_publisher.py -> /home/kim/ros2_ws/build/activities2/build/lib/activities2
running install
running install_lib
creating /home/kim/ros2_ws/install/activities2/lib/python3.10/site-packages/activities2
copying /home/kim/ros2_ws/build/activities2/build/lib/activities2/number_counter.py -> /home/kim/ros2_ws/install/activities2/lib/python3.10/site-packages/activities2
copying /home/kim/ros2_ws/build/activities2/build/lib/activities2/counter_reseter.py -> /home/kim/ros2_ws/install/activities2/lib/python3.10/site-packages/activities2
copying /home/kim/ros2_ws/build/activities2/build/lib/activities2/__init__.py -> /home/kim/ros2_ws/install/activities2/lib/python3.10/site-packages/activities2
copying /home/kim/ros2_ws/build/activities2/build/lib/activities2/number_publisher.py -> /home/kim/ros2_ws/install/activities2/lib/python3.10/site-packages/activities2
byte-compiling /home/kim/ros2_ws/install/activities2/lib/python3.10/site-packages/activities2/number_counter.py to number_counter.cpython-310.pyc
byte-compiling /home/kim/ros2_ws/install/activities2/lib/python3.10/site-packages/activities2/counter_reseter.py to counter_reseter.cpython-310.pyc
byte-compiling /home/kim/ros2_ws/install/activities2/lib/python3.10/site-packages/activities2/__init__.py to __init__.cpython-310.pyc
byte-compiling /home/kim/ros2_ws/install/activities2/lib/python3.10/site-packages/activities2/number_publisher.py to number_publisher.cpython-310.pyc
running install_data
creating /home/kim/ros2_ws/install/activities2/share/ament_index
creating /home/kim/ros2_ws/install/activities2/share/ament_index/resource_index
creating /home/kim/ros2_ws/install/activities2/share/ament_index/resource_index/packages
copying resource/activities2 -> /home/kim/ros2_ws/install/activities2/share/ament_index/resource_index/packages
copying package.xml -> /home/kim/ros2_ws/install/activities2/share/activities2
running install_egg_info
Copying ../../build/activities2/activities2.egg-info to /home/kim/ros2_ws/install/activities2/lib/python3.10/site-packages/activities2-0.0.0-py3.10.egg-info
running install_scripts
Installing counter_reseter script to /home/kim/ros2_ws/install/activities2/lib/activities2
Installing number_counter script to /home/kim/ros2_ws/install/activities2/lib/activities2
Installing number_publisher script to /home/kim/ros2_ws/install/activities2/lib/activities2
writing list of installed files to '/home/kim/ros2_ws/build/activities2/install.log'
