[0.019s] Invoking command in '/home/kim/ros2_ws/build/my_robot_bringup': AMENT_PREFIX_PATH=/home/kim/ros2_ws/install/turtlesim_catch_them_all:/home/kim/ros2_ws/install/my_py_pkg:/home/kim/ros2_ws/install/my_robot_interfaces:/home/kim/ros2_ws/install/activities2:${AMENT_PREFIX_PATH} CMAKE_PREFIX_PATH=/home/kim/ros2_ws/install/my_robot_interfaces:/opt/ros/humble LD_LIBRARY_PATH=/home/kim/ros2_ws/install/my_robot_interfaces/lib:${LD_LIBRARY_PATH} PYTHONPATH=/home/kim/ros2_ws/install/turtlesim_catch_them_all/lib/python3.10/site-packages:/home/kim/ros2_ws/install/my_py_pkg/lib/python3.10/site-packages:/home/kim/ros2_ws/install/my_robot_interfaces/local/lib/python3.10/dist-packages:/home/kim/ros2_ws/install/activities2/lib/python3.10/site-packages:${PYTHONPATH} /usr/bin/cmake /home/kim/ros2_ws/src/my_robot_bringup -DCMAKE_INSTALL_PREFIX=/home/kim/ros2_ws/install/my_robot_bringup
[0.067s] -- The C compiler identification is GNU 11.4.0
[0.113s] -- The CXX compiler identification is GNU 11.4.0
[0.119s] -- Detecting C compiler ABI info
[0.188s] -- Detecting C compiler ABI info - done
[0.193s] -- Check for working C compiler: /usr/bin/cc - skipped
[0.193s] -- Detecting C compile features
[0.193s] -- Detecting C compile features - done
[0.195s] -- Detecting CXX compiler ABI info
[0.270s] -- Detecting CXX compiler ABI info - done
[0.275s] -- Check for working CXX compiler: /usr/bin/c++ - skipped
[0.275s] -- Detecting CXX compile features
[0.275s] -- Detecting CXX compile features - done
[0.277s] -- Found ament_cmake: 1.3.8 (/opt/ros/humble/share/ament_cmake/cmake)
[0.382s] -- Found Python3: /usr/bin/python3 (found version "3.10.12") found components: Interpreter 
[0.483s] -- Configuring done
[0.485s] -- Generating done
[0.487s] -- Build files have been written to: /home/kim/ros2_ws/build/my_robot_bringup
[0.491s] Invoked command in '/home/kim/ros2_ws/build/my_robot_bringup' returned '0': AMENT_PREFIX_PATH=/home/kim/ros2_ws/install/turtlesim_catch_them_all:/home/kim/ros2_ws/install/my_py_pkg:/home/kim/ros2_ws/install/my_robot_interfaces:/home/kim/ros2_ws/install/activities2:${AMENT_PREFIX_PATH} CMAKE_PREFIX_PATH=/home/kim/ros2_ws/install/my_robot_interfaces:/opt/ros/humble LD_LIBRARY_PATH=/home/kim/ros2_ws/install/my_robot_interfaces/lib:${LD_LIBRARY_PATH} PYTHONPATH=/home/kim/ros2_ws/install/turtlesim_catch_them_all/lib/python3.10/site-packages:/home/kim/ros2_ws/install/my_py_pkg/lib/python3.10/site-packages:/home/kim/ros2_ws/install/my_robot_interfaces/local/lib/python3.10/dist-packages:/home/kim/ros2_ws/install/activities2/lib/python3.10/site-packages:${PYTHONPATH} /usr/bin/cmake /home/kim/ros2_ws/src/my_robot_bringup -DCMAKE_INSTALL_PREFIX=/home/kim/ros2_ws/install/my_robot_bringup
[0.493s] Invoking command in '/home/kim/ros2_ws/build/my_robot_bringup': AMENT_PREFIX_PATH=/home/kim/ros2_ws/install/turtlesim_catch_them_all:/home/kim/ros2_ws/install/my_py_pkg:/home/kim/ros2_ws/install/my_robot_interfaces:/home/kim/ros2_ws/install/activities2:${AMENT_PREFIX_PATH} CMAKE_PREFIX_PATH=/home/kim/ros2_ws/install/my_robot_interfaces:/opt/ros/humble LD_LIBRARY_PATH=/home/kim/ros2_ws/install/my_robot_interfaces/lib:${LD_LIBRARY_PATH} PYTHONPATH=/home/kim/ros2_ws/install/turtlesim_catch_them_all/lib/python3.10/site-packages:/home/kim/ros2_ws/install/my_py_pkg/lib/python3.10/site-packages:/home/kim/ros2_ws/install/my_robot_interfaces/local/lib/python3.10/dist-packages:/home/kim/ros2_ws/install/activities2/lib/python3.10/site-packages:${PYTHONPATH} /usr/bin/cmake --build /home/kim/ros2_ws/build/my_robot_bringup -- -j4 -l4
[0.529s] Invoked command in '/home/kim/ros2_ws/build/my_robot_bringup' returned '0': AMENT_PREFIX_PATH=/home/kim/ros2_ws/install/turtlesim_catch_them_all:/home/kim/ros2_ws/install/my_py_pkg:/home/kim/ros2_ws/install/my_robot_interfaces:/home/kim/ros2_ws/install/activities2:${AMENT_PREFIX_PATH} CMAKE_PREFIX_PATH=/home/kim/ros2_ws/install/my_robot_interfaces:/opt/ros/humble LD_LIBRARY_PATH=/home/kim/ros2_ws/install/my_robot_interfaces/lib:${LD_LIBRARY_PATH} PYTHONPATH=/home/kim/ros2_ws/install/turtlesim_catch_them_all/lib/python3.10/site-packages:/home/kim/ros2_ws/install/my_py_pkg/lib/python3.10/site-packages:/home/kim/ros2_ws/install/my_robot_interfaces/local/lib/python3.10/dist-packages:/home/kim/ros2_ws/install/activities2/lib/python3.10/site-packages:${PYTHONPATH} /usr/bin/cmake --build /home/kim/ros2_ws/build/my_robot_bringup -- -j4 -l4
[0.570s] Invoking command in '/home/kim/ros2_ws/build/my_robot_bringup': AMENT_PREFIX_PATH=/home/kim/ros2_ws/install/turtlesim_catch_them_all:/home/kim/ros2_ws/install/my_py_pkg:/home/kim/ros2_ws/install/my_robot_interfaces:/home/kim/ros2_ws/install/activities2:${AMENT_PREFIX_PATH} CMAKE_PREFIX_PATH=/home/kim/ros2_ws/install/my_robot_interfaces:/opt/ros/humble LD_LIBRARY_PATH=/home/kim/ros2_ws/install/my_robot_interfaces/lib:${LD_LIBRARY_PATH} PYTHONPATH=/home/kim/ros2_ws/install/turtlesim_catch_them_all/lib/python3.10/site-packages:/home/kim/ros2_ws/install/my_py_pkg/lib/python3.10/site-packages:/home/kim/ros2_ws/install/my_robot_interfaces/local/lib/python3.10/dist-packages:/home/kim/ros2_ws/install/activities2/lib/python3.10/site-packages:${PYTHONPATH} /usr/bin/cmake --install /home/kim/ros2_ws/build/my_robot_bringup
[0.578s] -- Install configuration: ""
[0.578s] -- Installing: /home/kim/ros2_ws/install/my_robot_bringup/share/my_robot_bringup/launch
[0.578s] -- Installing: /home/kim/ros2_ws/install/my_robot_bringup/share/my_robot_bringup/launch/turtlesim_catch_them_all.launch.py
[0.578s] -- Installing: /home/kim/ros2_ws/install/my_robot_bringup/share/my_robot_bringup/launch/number_app.launch.py
[0.579s] -- Installing: /home/kim/ros2_ws/install/my_robot_bringup/share/my_robot_bringup/launch/robot_news.launch.py
[0.579s] -- Installing: /home/kim/ros2_ws/install/my_robot_bringup/share/ament_index/resource_index/package_run_dependencies/my_robot_bringup
[0.579s] -- Installing: /home/kim/ros2_ws/install/my_robot_bringup/share/ament_index/resource_index/parent_prefix_path/my_robot_bringup
[0.579s] -- Installing: /home/kim/ros2_ws/install/my_robot_bringup/share/my_robot_bringup/environment/ament_prefix_path.sh
[0.580s] -- Installing: /home/kim/ros2_ws/install/my_robot_bringup/share/my_robot_bringup/environment/ament_prefix_path.dsv
[0.580s] -- Installing: /home/kim/ros2_ws/install/my_robot_bringup/share/my_robot_bringup/environment/path.sh
[0.581s] -- Installing: /home/kim/ros2_ws/install/my_robot_bringup/share/my_robot_bringup/environment/path.dsv
[0.581s] -- Installing: /home/kim/ros2_ws/install/my_robot_bringup/share/my_robot_bringup/local_setup.bash
[0.581s] -- Installing: /home/kim/ros2_ws/install/my_robot_bringup/share/my_robot_bringup/local_setup.sh
[0.581s] -- Installing: /home/kim/ros2_ws/install/my_robot_bringup/share/my_robot_bringup/local_setup.zsh
[0.582s] -- Installing: /home/kim/ros2_ws/install/my_robot_bringup/share/my_robot_bringup/local_setup.dsv
[0.582s] -- Installing: /home/kim/ros2_ws/install/my_robot_bringup/share/my_robot_bringup/package.dsv
[0.582s] -- Installing: /home/kim/ros2_ws/install/my_robot_bringup/share/ament_index/resource_index/packages/my_robot_bringup
[0.582s] -- Installing: /home/kim/ros2_ws/install/my_robot_bringup/share/my_robot_bringup/cmake/my_robot_bringupConfig.cmake
[0.582s] -- Installing: /home/kim/ros2_ws/install/my_robot_bringup/share/my_robot_bringup/cmake/my_robot_bringupConfig-version.cmake
[0.583s] -- Installing: /home/kim/ros2_ws/install/my_robot_bringup/share/my_robot_bringup/package.xml
[0.585s] Invoked command in '/home/kim/ros2_ws/build/my_robot_bringup' returned '0': AMENT_PREFIX_PATH=/home/kim/ros2_ws/install/turtlesim_catch_them_all:/home/kim/ros2_ws/install/my_py_pkg:/home/kim/ros2_ws/install/my_robot_interfaces:/home/kim/ros2_ws/install/activities2:${AMENT_PREFIX_PATH} CMAKE_PREFIX_PATH=/home/kim/ros2_ws/install/my_robot_interfaces:/opt/ros/humble LD_LIBRARY_PATH=/home/kim/ros2_ws/install/my_robot_interfaces/lib:${LD_LIBRARY_PATH} PYTHONPATH=/home/kim/ros2_ws/install/turtlesim_catch_them_all/lib/python3.10/site-packages:/home/kim/ros2_ws/install/my_py_pkg/lib/python3.10/site-packages:/home/kim/ros2_ws/install/my_robot_interfaces/local/lib/python3.10/dist-packages:/home/kim/ros2_ws/install/activities2/lib/python3.10/site-packages:${PYTHONPATH} /usr/bin/cmake --install /home/kim/ros2_ws/build/my_robot_bringup
