[0.716s] Invoking command in '/home/kim/ros2_ws/src/my_py_pkg': AMENT_PREFIX_PATH=/home/kim/ros2_ws/install/my_robot_interfaces:${AMENT_PREFIX_PATH} CMAKE_PREFIX_PATH=/home/kim/ros2_ws/install/my_robot_interfaces LD_LIBRARY_PATH=/home/kim/ros2_ws/install/my_robot_interfaces/lib:${LD_LIBRARY_PATH} PYTHONPATH=/home/kim/ros2_ws/build/my_py_pkg/prefix_override:/home/kim/ros2_ws/install/my_py_pkg/lib/python3.10/site-packages:/home/kim/ros2_ws/install/my_robot_interfaces/local/lib/python3.10/dist-packages:${PYTHONPATH} /usr/bin/python3 -W ignore:setup.py install is deprecated setup.py egg_info --egg-base ../../build/my_py_pkg build --build-base /home/kim/ros2_ws/build/my_py_pkg/build install --record /home/kim/ros2_ws/build/my_py_pkg/install.log --single-version-externally-managed install_data
[0.856s] running egg_info
[0.857s] creating ../../build/my_py_pkg/my_py_pkg.egg-info
[0.857s] writing ../../build/my_py_pkg/my_py_pkg.egg-info/PKG-INFO
[0.857s] writing dependency_links to ../../build/my_py_pkg/my_py_pkg.egg-info/dependency_links.txt
[0.858s] writing entry points to ../../build/my_py_pkg/my_py_pkg.egg-info/entry_points.txt
[0.858s] writing requirements to ../../build/my_py_pkg/my_py_pkg.egg-info/requires.txt
[0.858s] writing top-level names to ../../build/my_py_pkg/my_py_pkg.egg-info/top_level.txt
[0.858s] writing manifest file '../../build/my_py_pkg/my_py_pkg.egg-info/SOURCES.txt'
[0.859s] reading manifest file '../../build/my_py_pkg/my_py_pkg.egg-info/SOURCES.txt'
[0.860s] writing manifest file '../../build/my_py_pkg/my_py_pkg.egg-info/SOURCES.txt'
[0.860s] running build
[0.860s] running build_py
[0.860s] creating /home/kim/ros2_ws/build/my_py_pkg/build
[0.860s] creating /home/kim/ros2_ws/build/my_py_pkg/build/lib
[0.861s] creating /home/kim/ros2_ws/build/my_py_pkg/build/lib/my_py_pkg
[0.861s] copying my_py_pkg/smartphone.py -> /home/kim/ros2_ws/build/my_py_pkg/build/lib/my_py_pkg
[0.861s] copying my_py_pkg/template_python_node.py -> /home/kim/ros2_ws/build/my_py_pkg/build/lib/my_py_pkg
[0.861s] copying my_py_pkg/hw_status_publisher.py -> /home/kim/ros2_ws/build/my_py_pkg/build/lib/my_py_pkg
[0.861s] copying my_py_pkg/my_first_node.py -> /home/kim/ros2_ws/build/my_py_pkg/build/lib/my_py_pkg
[0.861s] copying my_py_pkg/add_two_ints_server.py -> /home/kim/ros2_ws/build/my_py_pkg/build/lib/my_py_pkg
[0.862s] copying my_py_pkg/add_two_ints_client.py -> /home/kim/ros2_ws/build/my_py_pkg/build/lib/my_py_pkg
[0.862s] copying my_py_pkg/__init__.py -> /home/kim/ros2_ws/build/my_py_pkg/build/lib/my_py_pkg
[0.862s] copying my_py_pkg/robot_news_station.py -> /home/kim/ros2_ws/build/my_py_pkg/build/lib/my_py_pkg
[0.862s] copying my_py_pkg/add_two_ints_client_no_oop.py -> /home/kim/ros2_ws/build/my_py_pkg/build/lib/my_py_pkg
[0.862s] running install
[0.863s] running install_lib
[0.863s] creating /home/kim/ros2_ws/install/my_py_pkg/lib/python3.10/site-packages/my_py_pkg
[0.863s] copying /home/kim/ros2_ws/build/my_py_pkg/build/lib/my_py_pkg/smartphone.py -> /home/kim/ros2_ws/install/my_py_pkg/lib/python3.10/site-packages/my_py_pkg
[0.864s] copying /home/kim/ros2_ws/build/my_py_pkg/build/lib/my_py_pkg/template_python_node.py -> /home/kim/ros2_ws/install/my_py_pkg/lib/python3.10/site-packages/my_py_pkg
[0.864s] copying /home/kim/ros2_ws/build/my_py_pkg/build/lib/my_py_pkg/hw_status_publisher.py -> /home/kim/ros2_ws/install/my_py_pkg/lib/python3.10/site-packages/my_py_pkg
[0.864s] copying /home/kim/ros2_ws/build/my_py_pkg/build/lib/my_py_pkg/my_first_node.py -> /home/kim/ros2_ws/install/my_py_pkg/lib/python3.10/site-packages/my_py_pkg
[0.864s] copying /home/kim/ros2_ws/build/my_py_pkg/build/lib/my_py_pkg/add_two_ints_server.py -> /home/kim/ros2_ws/install/my_py_pkg/lib/python3.10/site-packages/my_py_pkg
[0.864s] copying /home/kim/ros2_ws/build/my_py_pkg/build/lib/my_py_pkg/add_two_ints_client.py -> /home/kim/ros2_ws/install/my_py_pkg/lib/python3.10/site-packages/my_py_pkg
[0.864s] copying /home/kim/ros2_ws/build/my_py_pkg/build/lib/my_py_pkg/__init__.py -> /home/kim/ros2_ws/install/my_py_pkg/lib/python3.10/site-packages/my_py_pkg
[0.865s] copying /home/kim/ros2_ws/build/my_py_pkg/build/lib/my_py_pkg/robot_news_station.py -> /home/kim/ros2_ws/install/my_py_pkg/lib/python3.10/site-packages/my_py_pkg
[0.865s] copying /home/kim/ros2_ws/build/my_py_pkg/build/lib/my_py_pkg/add_two_ints_client_no_oop.py -> /home/kim/ros2_ws/install/my_py_pkg/lib/python3.10/site-packages/my_py_pkg
[0.865s] byte-compiling /home/kim/ros2_ws/install/my_py_pkg/lib/python3.10/site-packages/my_py_pkg/smartphone.py to smartphone.cpython-310.pyc
[0.866s] byte-compiling /home/kim/ros2_ws/install/my_py_pkg/lib/python3.10/site-packages/my_py_pkg/template_python_node.py to template_python_node.cpython-310.pyc
[0.866s] byte-compiling /home/kim/ros2_ws/install/my_py_pkg/lib/python3.10/site-packages/my_py_pkg/hw_status_publisher.py to hw_status_publisher.cpython-310.pyc
[0.867s] byte-compiling /home/kim/ros2_ws/install/my_py_pkg/lib/python3.10/site-packages/my_py_pkg/my_first_node.py to my_first_node.cpython-310.pyc
[0.867s] byte-compiling /home/kim/ros2_ws/install/my_py_pkg/lib/python3.10/site-packages/my_py_pkg/add_two_ints_server.py to add_two_ints_server.cpython-310.pyc
[0.868s] byte-compiling /home/kim/ros2_ws/install/my_py_pkg/lib/python3.10/site-packages/my_py_pkg/add_two_ints_client.py to add_two_ints_client.cpython-310.pyc
[0.868s] byte-compiling /home/kim/ros2_ws/install/my_py_pkg/lib/python3.10/site-packages/my_py_pkg/__init__.py to __init__.cpython-310.pyc
[0.868s] byte-compiling /home/kim/ros2_ws/install/my_py_pkg/lib/python3.10/site-packages/my_py_pkg/robot_news_station.py to robot_news_station.cpython-310.pyc
[0.868s] byte-compiling /home/kim/ros2_ws/install/my_py_pkg/lib/python3.10/site-packages/my_py_pkg/add_two_ints_client_no_oop.py to add_two_ints_client_no_oop.cpython-310.pyc
[0.869s] running install_data
[0.869s] creating /home/kim/ros2_ws/install/my_py_pkg/share/ament_index
[0.869s] creating /home/kim/ros2_ws/install/my_py_pkg/share/ament_index/resource_index
[0.869s] creating /home/kim/ros2_ws/install/my_py_pkg/share/ament_index/resource_index/packages
[0.869s] copying resource/my_py_pkg -> /home/kim/ros2_ws/install/my_py_pkg/share/ament_index/resource_index/packages
[0.870s] copying package.xml -> /home/kim/ros2_ws/install/my_py_pkg/share/my_py_pkg
[0.870s] running install_egg_info
[0.871s] Copying ../../build/my_py_pkg/my_py_pkg.egg-info to /home/kim/ros2_ws/install/my_py_pkg/lib/python3.10/site-packages/my_py_pkg-0.0.0-py3.10.egg-info
[0.872s] running install_scripts
[0.886s] Installing add_two_ints_client script to /home/kim/ros2_ws/install/my_py_pkg/lib/my_py_pkg
[0.886s] Installing add_two_ints_client_no_oop script to /home/kim/ros2_ws/install/my_py_pkg/lib/my_py_pkg
[0.886s] Installing add_two_ints_server script to /home/kim/ros2_ws/install/my_py_pkg/lib/my_py_pkg
[0.886s] Installing hw_status_publisher script to /home/kim/ros2_ws/install/my_py_pkg/lib/my_py_pkg
[0.886s] Installing py_node script to /home/kim/ros2_ws/install/my_py_pkg/lib/my_py_pkg
[0.886s] Installing robot_news_station script to /home/kim/ros2_ws/install/my_py_pkg/lib/my_py_pkg
[0.886s] Installing smartphone script to /home/kim/ros2_ws/install/my_py_pkg/lib/my_py_pkg
[0.887s] writing list of installed files to '/home/kim/ros2_ws/build/my_py_pkg/install.log'
[0.902s] Invoked command in '/home/kim/ros2_ws/src/my_py_pkg' returned '0': AMENT_PREFIX_PATH=/home/kim/ros2_ws/install/my_robot_interfaces:${AMENT_PREFIX_PATH} CMAKE_PREFIX_PATH=/home/kim/ros2_ws/install/my_robot_interfaces LD_LIBRARY_PATH=/home/kim/ros2_ws/install/my_robot_interfaces/lib:${LD_LIBRARY_PATH} PYTHONPATH=/home/kim/ros2_ws/build/my_py_pkg/prefix_override:/home/kim/ros2_ws/install/my_py_pkg/lib/python3.10/site-packages:/home/kim/ros2_ws/install/my_robot_interfaces/local/lib/python3.10/dist-packages:${PYTHONPATH} /usr/bin/python3 -W ignore:setup.py install is deprecated setup.py egg_info --egg-base ../../build/my_py_pkg build --build-base /home/kim/ros2_ws/build/my_py_pkg/build install --record /home/kim/ros2_ws/build/my_py_pkg/install.log --single-version-externally-managed install_data
